0 info it worked if it ends with ok
1 verbose cli [ 'node', '/usr/bin/npm', 'i', '-g', 'raml2html', 'tv4' ]
2 info using npm@1.3.6
3 info using node@v0.10.33
4 verbose cache add [ 'raml2html', null ]
5 verbose cache add name=undefined spec="raml2html" args=["raml2html",null]
6 verbose parsed url { protocol: null,
6 verbose parsed url   slashes: null,
6 verbose parsed url   auth: null,
6 verbose parsed url   host: null,
6 verbose parsed url   port: null,
6 verbose parsed url   hostname: null,
6 verbose parsed url   hash: null,
6 verbose parsed url   search: null,
6 verbose parsed url   query: null,
6 verbose parsed url   pathname: 'raml2html',
6 verbose parsed url   path: 'raml2html',
6 verbose parsed url   href: 'raml2html' }
7 verbose cache add [ 'tv4', null ]
8 verbose cache add name=undefined spec="tv4" args=["tv4",null]
9 verbose parsed url { protocol: null,
9 verbose parsed url   slashes: null,
9 verbose parsed url   auth: null,
9 verbose parsed url   host: null,
9 verbose parsed url   port: null,
9 verbose parsed url   hostname: null,
9 verbose parsed url   hash: null,
9 verbose parsed url   search: null,
9 verbose parsed url   query: null,
9 verbose parsed url   pathname: 'tv4',
9 verbose parsed url   path: 'tv4',
9 verbose parsed url   href: 'tv4' }
10 silly lockFile 5a7622c5-raml2html raml2html
11 verbose lock raml2html /home/abraae/.npm/5a7622c5-raml2html.lock
12 silly lockFile 9e3c36b6-tv4 tv4
13 verbose lock tv4 /home/abraae/.npm/9e3c36b6-tv4.lock
14 silly lockFile 5a7622c5-raml2html raml2html
15 silly lockFile 5a7622c5-raml2html raml2html
16 silly lockFile 9e3c36b6-tv4 tv4
17 silly lockFile 9e3c36b6-tv4 tv4
18 verbose addNamed [ 'raml2html', '' ]
19 verbose addNamed [ null, '*' ]
20 silly lockFile f7bde122-raml2html raml2html@
21 verbose lock raml2html@ /home/abraae/.npm/f7bde122-raml2html.lock
22 verbose addNamed [ 'tv4', '' ]
23 verbose addNamed [ null, '*' ]
24 silly lockFile a1d0456c-tv4 tv4@
25 verbose lock tv4@ /home/abraae/.npm/a1d0456c-tv4.lock
26 silly addNameRange { name: 'raml2html', range: '*', hasData: false }
27 verbose url raw raml2html
28 verbose url resolving [ 'https://registry.npmjs.org/', './raml2html' ]
29 verbose url resolved https://registry.npmjs.org/raml2html
30 info trying registry request attempt 1 at 08:57:14
31 http GET https://registry.npmjs.org/raml2html
32 silly addNameRange { name: 'tv4', range: '*', hasData: false }
33 verbose url raw tv4
34 verbose url resolving [ 'https://registry.npmjs.org/', './tv4' ]
35 verbose url resolved https://registry.npmjs.org/tv4
36 info trying registry request attempt 1 at 08:57:14
37 http GET https://registry.npmjs.org/tv4
38 http 200 https://registry.npmjs.org/tv4
39 silly registry.get cb [ 200,
39 silly registry.get   { server: 'CouchDB/1.5.0 (Erlang OTP/R16B03)',
39 silly registry.get     etag: '"3YY59ASGUKHL7EJDSSH1XN1JS"',
39 silly registry.get     'content-type': 'application/json',
39 silly registry.get     'cache-control': 'max-age=60',
39 silly registry.get     'content-length': '50887',
39 silly registry.get     'accept-ranges': 'bytes',
39 silly registry.get     date: 'Thu, 30 Apr 2015 20:57:15 GMT',
39 silly registry.get     via: '1.1 varnish',
39 silly registry.get     age: '0',
39 silly registry.get     connection: 'keep-alive',
39 silly registry.get     'x-served-by': 'cache-syd1623-SYD',
39 silly registry.get     'x-cache': 'MISS',
39 silly registry.get     'x-cache-hits': '0',
39 silly registry.get     'x-timer': 'S1430427434.268302,VS0,VE1176',
39 silly registry.get     vary: 'Accept' } ]
40 silly addNameRange number 2 { name: 'tv4', range: '*', hasData: true }
41 silly addNameRange versions [ 'tv4',
41 silly addNameRange   [ '1.0.0',
41 silly addNameRange     '1.0.1',
41 silly addNameRange     '1.0.2',
41 silly addNameRange     '1.0.3',
41 silly addNameRange     '1.0.4',
41 silly addNameRange     '1.0.5',
41 silly addNameRange     '1.0.6',
41 silly addNameRange     '1.0.7',
41 silly addNameRange     '1.0.8',
41 silly addNameRange     '1.0.9',
41 silly addNameRange     '1.0.10',
41 silly addNameRange     '1.0.11',
41 silly addNameRange     '1.0.13',
41 silly addNameRange     '1.0.14',
41 silly addNameRange     '1.0.15',
41 silly addNameRange     '1.0.16',
41 silly addNameRange     '1.0.17',
41 silly addNameRange     '1.0.18',
41 silly addNameRange     '1.1.0',
41 silly addNameRange     '1.1.2',
41 silly addNameRange     '1.1.3',
41 silly addNameRange     '1.1.4',
41 silly addNameRange     '1.1.5',
41 silly addNameRange     '1.1.6',
41 silly addNameRange     '1.1.7',
41 silly addNameRange     '1.1.8',
41 silly addNameRange     '1.1.9' ] ]
42 verbose addNamed [ 'tv4', '1.1.9' ]
43 verbose addNamed [ '1.1.9', '1.1.9' ]
44 silly lockFile e85c75bb-tv4-1-1-9 tv4@1.1.9
45 verbose lock tv4@1.1.9 /home/abraae/.npm/e85c75bb-tv4-1-1-9.lock
46 silly lockFile c98776d3-stry-npmjs-org-tv4-tv4-1-1-9-tgz https://registry.npmjs.org/tv4/-/tv4-1.1.9.tgz
47 verbose lock https://registry.npmjs.org/tv4/-/tv4-1.1.9.tgz /home/abraae/.npm/c98776d3-stry-npmjs-org-tv4-tv4-1-1-9-tgz.lock
48 verbose addRemoteTarball [ 'https://registry.npmjs.org/tv4/-/tv4-1.1.9.tgz',
48 verbose addRemoteTarball   'bb8e7aef70c7dcb109806172c6c55961b6903e55' ]
49 info retry fetch attempt 1 at 08:57:15
50 verbose fetch to= /home/abraae/tmp/npm-14048-BPl_9p8j/1430427435530-0.21272878791205585/tmp.tgz
51 http GET https://registry.npmjs.org/tv4/-/tv4-1.1.9.tgz
52 http 200 https://registry.npmjs.org/raml2html
53 silly registry.get cb [ 200,
53 silly registry.get   { server: 'CouchDB/1.5.0 (Erlang OTP/R16B03)',
53 silly registry.get     etag: '"6LDTM11NF8BOK1ZM53SS9OZ6B"',
53 silly registry.get     'content-type': 'application/json',
53 silly registry.get     'cache-control': 'max-age=60',
53 silly registry.get     'content-length': '65914',
53 silly registry.get     'accept-ranges': 'bytes',
53 silly registry.get     date: 'Thu, 30 Apr 2015 20:57:15 GMT',
53 silly registry.get     via: '1.1 varnish',
53 silly registry.get     age: '0',
53 silly registry.get     connection: 'keep-alive',
53 silly registry.get     'x-served-by': 'cache-syd1626-SYD',
53 silly registry.get     'x-cache': 'MISS',
53 silly registry.get     'x-cache-hits': '0',
53 silly registry.get     'x-timer': 'S1430427434.279330,VS0,VE1373',
53 silly registry.get     vary: 'Accept' } ]
54 silly addNameRange number 2 { name: 'raml2html', range: '*', hasData: true }
55 silly addNameRange versions [ 'raml2html',
55 silly addNameRange   [ '0.1.0',
55 silly addNameRange     '0.1.1',
55 silly addNameRange     '0.2.0',
55 silly addNameRange     '0.2.1',
55 silly addNameRange     '0.2.2',
55 silly addNameRange     '0.3.0',
55 silly addNameRange     '0.4.0',
55 silly addNameRange     '0.5.0',
55 silly addNameRange     '0.6.0',
55 silly addNameRange     '0.7.0',
55 silly addNameRange     '0.8.0',
55 silly addNameRange     '0.8.1',
55 silly addNameRange     '0.8.2',
55 silly addNameRange     '0.9.0',
55 silly addNameRange     '0.10.0',
55 silly addNameRange     '0.11.0',
55 silly addNameRange     '0.12.0',
55 silly addNameRange     '0.13.0',
55 silly addNameRange     '0.14.0',
55 silly addNameRange     '0.15.0',
55 silly addNameRange     '0.15.1',
55 silly addNameRange     '0.16.0',
55 silly addNameRange     '0.17.0',
55 silly addNameRange     '0.17.1',
55 silly addNameRange     '0.18.0',
55 silly addNameRange     '0.19.0',
55 silly addNameRange     '0.20.0',
55 silly addNameRange     '0.21.0',
55 silly addNameRange     '0.22.0',
55 silly addNameRange     '0.22.1',
55 silly addNameRange     '0.23.0',
55 silly addNameRange     '0.23.1',
55 silly addNameRange     '0.23.2',
55 silly addNameRange     '0.24.0',
55 silly addNameRange     '0.25.0',
55 silly addNameRange     '0.26.0',
55 silly addNameRange     '0.27.0',
55 silly addNameRange     '0.28.0',
55 silly addNameRange     '0.29.0',
55 silly addNameRange     '0.30.0',
55 silly addNameRange     '0.31.0',
55 silly addNameRange     '0.31.1',
55 silly addNameRange     '0.31.2',
55 silly addNameRange     '0.32.0',
55 silly addNameRange     '1.0.0',
55 silly addNameRange     '1.0.1',
55 silly addNameRange     '1.0.2',
55 silly addNameRange     '1.0.3',
55 silly addNameRange     '1.0.4',
55 silly addNameRange     '1.0.5',
55 silly addNameRange     '1.0.6',
55 silly addNameRange     '1.1.0',
55 silly addNameRange     '1.1.1',
55 silly addNameRange     '1.2.0',
55 silly addNameRange     '1.3.0',
55 silly addNameRange     '1.3.1',
55 silly addNameRange     '1.4.0',
55 silly addNameRange     '1.5.0',
55 silly addNameRange     '1.6.0' ] ]
56 verbose addNamed [ 'raml2html', '1.6.0' ]
57 verbose addNamed [ '1.6.0', '1.6.0' ]
58 silly lockFile b6f382b1-raml2html-1-6-0 raml2html@1.6.0
59 verbose lock raml2html@1.6.0 /home/abraae/.npm/b6f382b1-raml2html-1-6-0.lock
60 silly lockFile ba1759bc-rg-raml2html-raml2html-1-6-0-tgz https://registry.npmjs.org/raml2html/-/raml2html-1.6.0.tgz
61 verbose lock https://registry.npmjs.org/raml2html/-/raml2html-1.6.0.tgz /home/abraae/.npm/ba1759bc-rg-raml2html-raml2html-1-6-0-tgz.lock
62 verbose addRemoteTarball [ 'https://registry.npmjs.org/raml2html/-/raml2html-1.6.0.tgz',
62 verbose addRemoteTarball   'f4cfe952461da70e579c0b4d5360e25204e88c77' ]
63 info retry fetch attempt 1 at 08:57:15
64 verbose fetch to= /home/abraae/tmp/npm-14048-BPl_9p8j/1430427435756-0.9835106392856687/tmp.tgz
65 http GET https://registry.npmjs.org/raml2html/-/raml2html-1.6.0.tgz
66 http 200 https://registry.npmjs.org/tv4/-/tv4-1.1.9.tgz
67 verbose tar unpack /home/abraae/tmp/npm-14048-BPl_9p8j/1430427435530-0.21272878791205585/tmp.tgz
68 silly lockFile c019afa3-5530-0-21272878791205585-package tar:///home/abraae/tmp/npm-14048-BPl_9p8j/1430427435530-0.21272878791205585/package
69 verbose lock tar:///home/abraae/tmp/npm-14048-BPl_9p8j/1430427435530-0.21272878791205585/package /home/abraae/.npm/c019afa3-5530-0-21272878791205585-package.lock
70 silly lockFile a762a837-5530-0-21272878791205585-tmp-tgz tar:///home/abraae/tmp/npm-14048-BPl_9p8j/1430427435530-0.21272878791205585/tmp.tgz
71 verbose lock tar:///home/abraae/tmp/npm-14048-BPl_9p8j/1430427435530-0.21272878791205585/tmp.tgz /home/abraae/.npm/a762a837-5530-0-21272878791205585-tmp-tgz.lock
72 silly gunzTarPerm modes [ '755', '644' ]
73 silly gunzTarPerm extractEntry package.json
74 silly gunzTarPerm extractEntry README.md
75 silly gunzTarPerm extractEntry props.js
76 silly gunzTarPerm extractEntry tv4.async-jquery.js
77 silly gunzTarPerm extractEntry tv4.js
78 silly gunzTarPerm extractEntry LICENSE.txt
79 silly gunzTarPerm extractEntry lang/de.js
80 silly gunzTarPerm extractEntry lang/no-nb.js
81 http 200 https://registry.npmjs.org/raml2html/-/raml2html-1.6.0.tgz
82 silly lockFile c019afa3-5530-0-21272878791205585-package tar:///home/abraae/tmp/npm-14048-BPl_9p8j/1430427435530-0.21272878791205585/package
83 silly lockFile c019afa3-5530-0-21272878791205585-package tar:///home/abraae/tmp/npm-14048-BPl_9p8j/1430427435530-0.21272878791205585/package
84 silly lockFile a762a837-5530-0-21272878791205585-tmp-tgz tar:///home/abraae/tmp/npm-14048-BPl_9p8j/1430427435530-0.21272878791205585/tmp.tgz
85 silly lockFile a762a837-5530-0-21272878791205585-tmp-tgz tar:///home/abraae/tmp/npm-14048-BPl_9p8j/1430427435530-0.21272878791205585/tmp.tgz
86 verbose tar pack [ '/home/abraae/.npm/tv4/1.1.9/package.tgz',
86 verbose tar pack   '/home/abraae/tmp/npm-14048-BPl_9p8j/1430427435530-0.21272878791205585/package' ]
87 verbose tarball /home/abraae/.npm/tv4/1.1.9/package.tgz
88 verbose folder /home/abraae/tmp/npm-14048-BPl_9p8j/1430427435530-0.21272878791205585/package
89 silly lockFile c019afa3-5530-0-21272878791205585-package tar:///home/abraae/tmp/npm-14048-BPl_9p8j/1430427435530-0.21272878791205585/package
90 verbose lock tar:///home/abraae/tmp/npm-14048-BPl_9p8j/1430427435530-0.21272878791205585/package /home/abraae/.npm/c019afa3-5530-0-21272878791205585-package.lock
91 silly lockFile 5d172327-abraae-npm-tv4-1-1-9-package-tgz tar:///home/abraae/.npm/tv4/1.1.9/package.tgz
92 verbose lock tar:///home/abraae/.npm/tv4/1.1.9/package.tgz /home/abraae/.npm/5d172327-abraae-npm-tv4-1-1-9-package-tgz.lock
93 silly lockFile c019afa3-5530-0-21272878791205585-package tar:///home/abraae/tmp/npm-14048-BPl_9p8j/1430427435530-0.21272878791205585/package
94 silly lockFile c019afa3-5530-0-21272878791205585-package tar:///home/abraae/tmp/npm-14048-BPl_9p8j/1430427435530-0.21272878791205585/package
95 silly lockFile 5d172327-abraae-npm-tv4-1-1-9-package-tgz tar:///home/abraae/.npm/tv4/1.1.9/package.tgz
96 silly lockFile 5d172327-abraae-npm-tv4-1-1-9-package-tgz tar:///home/abraae/.npm/tv4/1.1.9/package.tgz
97 silly lockFile 1b388057-ome-abraae-npm-tv4-1-1-9-package /home/abraae/.npm/tv4/1.1.9/package
98 verbose lock /home/abraae/.npm/tv4/1.1.9/package /home/abraae/.npm/1b388057-ome-abraae-npm-tv4-1-1-9-package.lock
99 silly lockFile 1b388057-ome-abraae-npm-tv4-1-1-9-package /home/abraae/.npm/tv4/1.1.9/package
100 silly lockFile 1b388057-ome-abraae-npm-tv4-1-1-9-package /home/abraae/.npm/tv4/1.1.9/package
101 verbose tar unpack /home/abraae/.npm/tv4/1.1.9/package.tgz
102 silly lockFile 6533023f-ome-abraae-npm-tv4-1-1-9-package tar:///home/abraae/.npm/tv4/1.1.9/package
103 verbose lock tar:///home/abraae/.npm/tv4/1.1.9/package /home/abraae/.npm/6533023f-ome-abraae-npm-tv4-1-1-9-package.lock
104 silly lockFile 5d172327-abraae-npm-tv4-1-1-9-package-tgz tar:///home/abraae/.npm/tv4/1.1.9/package.tgz
105 verbose lock tar:///home/abraae/.npm/tv4/1.1.9/package.tgz /home/abraae/.npm/5d172327-abraae-npm-tv4-1-1-9-package-tgz.lock
106 silly gunzTarPerm modes [ '755', '644' ]
107 silly gunzTarPerm extractEntry package.json
108 silly gunzTarPerm extractEntry README.md
109 silly gunzTarPerm extractEntry props.js
110 silly gunzTarPerm extractEntry tv4.async-jquery.js
111 silly gunzTarPerm extractEntry tv4.js
112 silly gunzTarPerm extractEntry LICENSE.txt
113 silly gunzTarPerm extractEntry lang/de.js
114 silly gunzTarPerm extractEntry lang/no-nb.js
115 silly lockFile 6533023f-ome-abraae-npm-tv4-1-1-9-package tar:///home/abraae/.npm/tv4/1.1.9/package
116 silly lockFile 6533023f-ome-abraae-npm-tv4-1-1-9-package tar:///home/abraae/.npm/tv4/1.1.9/package
117 silly lockFile 5d172327-abraae-npm-tv4-1-1-9-package-tgz tar:///home/abraae/.npm/tv4/1.1.9/package.tgz
118 silly lockFile 5d172327-abraae-npm-tv4-1-1-9-package-tgz tar:///home/abraae/.npm/tv4/1.1.9/package.tgz
119 verbose chmod /home/abraae/.npm/tv4/1.1.9/package.tgz 644
120 verbose chown /home/abraae/.npm/tv4/1.1.9/package.tgz [ 1000, 1000 ]
121 silly lockFile c98776d3-stry-npmjs-org-tv4-tv4-1-1-9-tgz https://registry.npmjs.org/tv4/-/tv4-1.1.9.tgz
122 silly lockFile c98776d3-stry-npmjs-org-tv4-tv4-1-1-9-tgz https://registry.npmjs.org/tv4/-/tv4-1.1.9.tgz
123 silly lockFile e85c75bb-tv4-1-1-9 tv4@1.1.9
124 silly lockFile e85c75bb-tv4-1-1-9 tv4@1.1.9
125 silly lockFile a1d0456c-tv4 tv4@
126 silly lockFile a1d0456c-tv4 tv4@
127 verbose tar unpack /home/abraae/tmp/npm-14048-BPl_9p8j/1430427435756-0.9835106392856687/tmp.tgz
128 silly lockFile 65db0a03-35756-0-9835106392856687-package tar:///home/abraae/tmp/npm-14048-BPl_9p8j/1430427435756-0.9835106392856687/package
129 verbose lock tar:///home/abraae/tmp/npm-14048-BPl_9p8j/1430427435756-0.9835106392856687/package /home/abraae/.npm/65db0a03-35756-0-9835106392856687-package.lock
130 silly lockFile 7c309b72-35756-0-9835106392856687-tmp-tgz tar:///home/abraae/tmp/npm-14048-BPl_9p8j/1430427435756-0.9835106392856687/tmp.tgz
131 verbose lock tar:///home/abraae/tmp/npm-14048-BPl_9p8j/1430427435756-0.9835106392856687/tmp.tgz /home/abraae/.npm/7c309b72-35756-0-9835106392856687-tmp-tgz.lock
132 silly gunzTarPerm modes [ '755', '644' ]
133 silly gunzTarPerm extractEntry package.json
134 silly gunzTarPerm extractEntry .npmignore
135 silly gunzTarPerm extractEntry README.md
136 silly gunzTarPerm extractEntry LICENSE
137 silly gunzTarPerm extractEntry CONTRIBUTING.md
138 silly gunzTarPerm extractEntry changelog.md
139 silly gunzTarPerm extractEntry examples/script.js
140 silly gunzTarPerm extractEntry examples/example.html
141 silly gunzTarPerm extractEntry examples/example.png
142 silly gunzTarPerm extractEntry examples/example.raml
143 silly gunzTarPerm extractEntry examples/github.html
144 silly gunzTarPerm extractEntry examples/github.raml
145 silly gunzTarPerm extractEntry lib/raml2html.js
146 silly gunzTarPerm extractEntry lib/item.handlebars
147 silly gunzTarPerm extractEntry lib/resource.handlebars
148 silly gunzTarPerm extractEntry lib/template.handlebars
149 silly lockFile 65db0a03-35756-0-9835106392856687-package tar:///home/abraae/tmp/npm-14048-BPl_9p8j/1430427435756-0.9835106392856687/package
150 silly lockFile 65db0a03-35756-0-9835106392856687-package tar:///home/abraae/tmp/npm-14048-BPl_9p8j/1430427435756-0.9835106392856687/package
151 silly lockFile 7c309b72-35756-0-9835106392856687-tmp-tgz tar:///home/abraae/tmp/npm-14048-BPl_9p8j/1430427435756-0.9835106392856687/tmp.tgz
152 silly lockFile 7c309b72-35756-0-9835106392856687-tmp-tgz tar:///home/abraae/tmp/npm-14048-BPl_9p8j/1430427435756-0.9835106392856687/tmp.tgz
153 verbose tar pack [ '/home/abraae/.npm/raml2html/1.6.0/package.tgz',
153 verbose tar pack   '/home/abraae/tmp/npm-14048-BPl_9p8j/1430427435756-0.9835106392856687/package' ]
154 verbose tarball /home/abraae/.npm/raml2html/1.6.0/package.tgz
155 verbose folder /home/abraae/tmp/npm-14048-BPl_9p8j/1430427435756-0.9835106392856687/package
156 silly lockFile 65db0a03-35756-0-9835106392856687-package tar:///home/abraae/tmp/npm-14048-BPl_9p8j/1430427435756-0.9835106392856687/package
157 verbose lock tar:///home/abraae/tmp/npm-14048-BPl_9p8j/1430427435756-0.9835106392856687/package /home/abraae/.npm/65db0a03-35756-0-9835106392856687-package.lock
158 silly lockFile be9036a7--npm-raml2html-1-6-0-package-tgz tar:///home/abraae/.npm/raml2html/1.6.0/package.tgz
159 verbose lock tar:///home/abraae/.npm/raml2html/1.6.0/package.tgz /home/abraae/.npm/be9036a7--npm-raml2html-1-6-0-package-tgz.lock
160 silly lockFile 65db0a03-35756-0-9835106392856687-package tar:///home/abraae/tmp/npm-14048-BPl_9p8j/1430427435756-0.9835106392856687/package
161 silly lockFile 65db0a03-35756-0-9835106392856687-package tar:///home/abraae/tmp/npm-14048-BPl_9p8j/1430427435756-0.9835106392856687/package
162 silly lockFile be9036a7--npm-raml2html-1-6-0-package-tgz tar:///home/abraae/.npm/raml2html/1.6.0/package.tgz
163 silly lockFile be9036a7--npm-raml2html-1-6-0-package-tgz tar:///home/abraae/.npm/raml2html/1.6.0/package.tgz
164 silly lockFile 5c50161b-raae-npm-raml2html-1-6-0-package /home/abraae/.npm/raml2html/1.6.0/package
165 verbose lock /home/abraae/.npm/raml2html/1.6.0/package /home/abraae/.npm/5c50161b-raae-npm-raml2html-1-6-0-package.lock
166 silly lockFile 5c50161b-raae-npm-raml2html-1-6-0-package /home/abraae/.npm/raml2html/1.6.0/package
167 silly lockFile 5c50161b-raae-npm-raml2html-1-6-0-package /home/abraae/.npm/raml2html/1.6.0/package
168 verbose tar unpack /home/abraae/.npm/raml2html/1.6.0/package.tgz
169 silly lockFile e3d52022-raae-npm-raml2html-1-6-0-package tar:///home/abraae/.npm/raml2html/1.6.0/package
170 verbose lock tar:///home/abraae/.npm/raml2html/1.6.0/package /home/abraae/.npm/e3d52022-raae-npm-raml2html-1-6-0-package.lock
171 silly lockFile be9036a7--npm-raml2html-1-6-0-package-tgz tar:///home/abraae/.npm/raml2html/1.6.0/package.tgz
172 verbose lock tar:///home/abraae/.npm/raml2html/1.6.0/package.tgz /home/abraae/.npm/be9036a7--npm-raml2html-1-6-0-package-tgz.lock
173 silly gunzTarPerm modes [ '755', '644' ]
174 silly gunzTarPerm extractEntry package.json
175 silly gunzTarPerm extractEntry .npmignore
176 silly gunzTarPerm extractEntry README.md
177 silly gunzTarPerm extractEntry LICENSE
178 silly gunzTarPerm extractEntry CONTRIBUTING.md
179 silly gunzTarPerm extractEntry changelog.md
180 silly gunzTarPerm extractEntry examples/script.js
181 silly gunzTarPerm extractEntry examples/example.html
182 silly gunzTarPerm extractEntry examples/example.png
183 silly gunzTarPerm extractEntry examples/example.raml
184 silly gunzTarPerm extractEntry examples/github.html
185 silly gunzTarPerm extractEntry examples/github.raml
186 silly gunzTarPerm extractEntry lib/raml2html.js
187 silly gunzTarPerm extractEntry lib/item.handlebars
188 silly gunzTarPerm extractEntry lib/resource.handlebars
189 silly gunzTarPerm extractEntry lib/template.handlebars
190 silly lockFile e3d52022-raae-npm-raml2html-1-6-0-package tar:///home/abraae/.npm/raml2html/1.6.0/package
191 silly lockFile e3d52022-raae-npm-raml2html-1-6-0-package tar:///home/abraae/.npm/raml2html/1.6.0/package
192 silly lockFile be9036a7--npm-raml2html-1-6-0-package-tgz tar:///home/abraae/.npm/raml2html/1.6.0/package.tgz
193 silly lockFile be9036a7--npm-raml2html-1-6-0-package-tgz tar:///home/abraae/.npm/raml2html/1.6.0/package.tgz
194 verbose chmod /home/abraae/.npm/raml2html/1.6.0/package.tgz 644
195 verbose chown /home/abraae/.npm/raml2html/1.6.0/package.tgz [ 1000, 1000 ]
196 silly lockFile ba1759bc-rg-raml2html-raml2html-1-6-0-tgz https://registry.npmjs.org/raml2html/-/raml2html-1.6.0.tgz
197 silly lockFile ba1759bc-rg-raml2html-raml2html-1-6-0-tgz https://registry.npmjs.org/raml2html/-/raml2html-1.6.0.tgz
198 silly lockFile b6f382b1-raml2html-1-6-0 raml2html@1.6.0
199 silly lockFile b6f382b1-raml2html-1-6-0 raml2html@1.6.0
200 silly lockFile f7bde122-raml2html raml2html@
201 silly lockFile f7bde122-raml2html raml2html@
202 silly resolved [ { name: 'tv4',
202 silly resolved     version: '1.1.9',
202 silly resolved     author: { name: 'Geraint Luff' },
202 silly resolved     description: 'A public domain JSON Schema validator for JavaScript',
202 silly resolved     keywords: [ 'json-schema', 'schema', 'validator', 'tv4' ],
202 silly resolved     maintainers: [ [Object] ],
202 silly resolved     main: 'tv4.js',
202 silly resolved     repository: { type: 'git', url: 'https://github.com/geraintluff/tv4.git' },
202 silly resolved     'license:': [ [Object], [Object] ],
202 silly resolved     devDependencies:
202 silly resolved      { grunt: '~0.4.1',
202 silly resolved        'grunt-contrib-clean': '~0.4.1',
202 silly resolved        'grunt-contrib-jshint': '~0.6.2',
202 silly resolved        mocha: '~1.11.0',
202 silly resolved        'grunt-mocha': '~0.4',
202 silly resolved        'grunt-mocha-test': '~0.5.0',
202 silly resolved        'grunt-cli': '~0.1.9',
202 silly resolved        'grunt-contrib-uglify': '~0.2.2',
202 silly resolved        'grunt-contrib-copy': '~0.4.1',
202 silly resolved        proclaim: '1.4',
202 silly resolved        'mocha-unfunk-reporter': '~0.2',
202 silly resolved        'jshint-path-reporter': '~0.1',
202 silly resolved        'grunt-concat-sourcemap': '~0.2',
202 silly resolved        'source-map-support': '~0.1',
202 silly resolved        'grunt-markdown': '~0.3.0',
202 silly resolved        'grunt-push-release': '~0.1.1',
202 silly resolved        'grunt-regex-replace': '~0.2.5',
202 silly resolved        requirejs: '~2.1.11',
202 silly resolved        'grunt-component-io': '~0.1.0' },
202 silly resolved     engines: { node: '>= 0.8.0' },
202 silly resolved     scripts: { test: 'grunt test', prepublish: 'grunt prepublish' },
202 silly resolved     readme: '# Tiny Validator (for v4 JSON Schema)\n\n[![Build Status](https://secure.travis-ci.org/geraintluff/tv4.svg?branch=master)](http://travis-ci.org/geraintluff/tv4) [![Dependency Status](https://gemnasium.com/geraintluff/tv4.svg)](https://gemnasium.com/geraintluff/tv4) [![NPM version](https://badge.fury.io/js/tv4.svg)](http://badge.fury.io/js/tv4)\n\nUse [json-schema](http://json-schema.org/) [draft v4](http://json-schema.org/latest/json-schema-core.html) to validate simple values and complex objects using a rich [validation vocabulary](http://json-schema.org/latest/json-schema-validation.html) ([examples](http://json-schema.org/examples.html)).\n\nThere is support for `$ref` with JSON Pointer fragment paths (```other-schema.json#/properties/myKey```).\n\n## Usage 1: Simple validation\n\n```javascript\nvar valid = tv4.validate(data, schema);\n```\n\nIf validation returns ```false```, then an explanation of why validation failed can be found in ```tv4.error```.\n\nThe error object will look something like:\n```json\n{\n    "code": 0,\n    "message": "Invalid type: string",\n    "dataPath": "/intKey",\n    "schemaPath": "/properties/intKey/type"\n}\n```\n\nThe `"code"` property will refer to one of the values in `tv4.errorCodes` - in this case, `tv4.errorCodes.INVALID_TYPE`.\n\nTo enable external schema to be referenced, you use:\n```javascript\ntv4.addSchema(url, schema);\n```\n\nIf schemas are referenced (```$ref```) but not known, then validation will return ```true``` and the missing schema(s) will be listed in ```tv4.missing```. For more info see the API documentation below.\n\n## Usage 2: Multi-threaded validation\n\nStoring the error and missing schemas does not work well in multi-threaded environments, so there is an alternative syntax:\n\n```javascript\nvar result = tv4.validateResult(data, schema);\n```\n\nThe result will look something like:\n```json\n{\n    "valid": false,\n    "error": {...},\n    "missing": [...]\n}\n```\n\n## Usage 3: Multiple errors\n\nNormally, `tv4` stops when it encounters the first validation error.  However, you can collect an array of validation errors using:\n\n```javascript\nvar result = tv4.validateMultiple(data, schema);\n```\n\nThe result will look something like:\n```json\n{\n    "valid": false,\n    "errors": [\n        {...},\n        ...\n    ],\n    "missing": [...]\n}\n```\n\n## Asynchronous validation\n\nSupport for asynchronous validation (where missing schemas are fetched) can be added by including an extra JavaScript file.  Currently, the only version requires jQuery (`tv4.async-jquery.js`), but the code is very short and should be fairly easy to modify for other libraries (such as MooTools).\n\nUsage:\n\n```javascript\ntv4.validate(data, schema, function (isValid, validationError) { ... });\n```\n\n`validationFailure` is simply taken from `tv4.error`.\n\n## Cyclical JavaScript objects\n\nWhile they don\'t occur in proper JSON, JavaScript does support self-referencing objects. Any of the above calls support an optional third argument: `checkRecursive`. If true, tv4 will handle self-referencing objects properly - this slows down validation slightly, but that\'s better than a hanging script.\n\nConsider this data, notice how both `a` and `b` refer to each other:\n\n```javascript\nvar a = {};\nvar b = { a: a };\na.b = b;\nvar aSchema = { properties: { b: { $ref: \'bSchema\' }}};\nvar bSchema = { properties: { a: { $ref: \'aSchema\' }}};\ntv4.addSchema(\'aSchema\', aSchema);\ntv4.addSchema(\'bSchema\', bSchema);\n```\n\nIf the `checkRecursive` argument were missing, this would throw a "too much recursion" error. \n\nTo enable support for this, pass `true` as additional argument to any of the regular validation methods: \n\n```javascript\ntv4.validate(a, aSchema, true);\ntv4.validateResult(data, aSchema, true); \ntv4.validateMultiple(data, aSchema, true);\n```\n\n## The `banUnknownProperties` flag\n\nSometimes, it is desirable to flag all unknown properties as an error.  This is especially useful during development, to catch typos and the like, even when extra custom-defined properties are allowed.\n\nAs such, tv4 implements ["ban unknown properties" mode](https://github.com/json-schema/json-schema/wiki/ban-unknown-properties-mode-\\(v5-proposal\\)), enabled by a fourth-argument flag:\n\n```javascript\ntv4.validate(data, schema, checkRecursive, true);\ntv4.validateResult(data, schema, checkRecursive, true);\ntv4.validateMultiple(data, schema, checkRecursive, true);\n```\n\n## API\n\nThere are additional api commands available for more complex use-cases:\n\n##### addSchema(uri, schema)\nPre-register a schema for reference by other schema and synchronous validation.\n\n````js\ntv4.addSchema(\'http://example.com/schema\', { ... });\n````\n\n* `uri` the uri to identify this schema.\n* `schema` the schema object.\n\nSchemas that have their `id` property set can be added directly.\n\n````js\ntv4.addSchema({ ... });\n````\n\n##### getSchema(uri)\n\nReturn a schema from the cache.\n\n* `uri` the uri of the schema (may contain a `#` fragment)\n\n````js\nvar schema = tv4.getSchema(\'http://example.com/schema\');\n````\n\n##### getSchemaMap()\n\nReturn a shallow copy of the schema cache, mapping schema document URIs to schema objects.\n\n````\nvar map = tv4.getSchemaMap();\n\nvar schema = map[uri];\n````\n\n##### getSchemaUris(filter)\n\nReturn an Array with known schema document URIs.\n\n* `filter` optional RegExp to filter URIs\n\n````\nvar arr = tv4.getSchemaUris();\n\n// optional filter using a RegExp\nvar arr = tv4.getSchemaUris(/^https?://example.com/);\n````\n\n##### getMissingUris(filter)\n\nReturn an Array with schema document URIs that are used as `$ref` in known schemas but which currently have no associated schema data.\n\nUse this in combination with `tv4.addSchema(uri, schema)` to preload the cache for complete synchronous validation with.\n\n* `filter` optional RegExp to filter URIs\n\n````\nvar arr = tv4.getMissingUris();\n\n// optional filter using a RegExp\nvar arr = tv4.getMissingUris(/^https?://example.com/);\n````\n\n##### dropSchemas()\n\nDrop all known schema document URIs from the cache.\n\n````\ntv4.dropSchemas();\n````\n\n##### freshApi()\n\nReturn a new tv4 instance with no shared state.\n\n````\nvar otherTV4 = tv4.freshApi();\n````\n\n##### reset()\n\nManually reset validation status from the simple `tv4.validate(data, schema)`. Although tv4 will self reset on each validation there are some implementation scenarios where this is useful.\n\n````\ntv4.reset();\n````\n\n##### language(code)\n\nSelect the language map used for reporting.\n\n* `code` is a language code, like `\'en\'` or `\'en-gb\'`\n\n````\ntv4.language(\'en-gb\');\n````\n\n##### addLanguage(code, map)\n\nAdd a new language map for selection by `tv4.language(code)`\n\n* `code` is new language code\n* `map` is an object mapping error IDs or constant names (e.g. `103` or `"NUMBER_MAXIMUM"`) to language strings.\n\n````\ntv4.addLanguage(\'fr\', { ... });\n\n// select for use\ntv4.language(\'fr\')\n````\n\n##### addFormat(format, validationFunction)\n\nAdd a custom format validator. (There are no built-in format validators. Several common ones can be found [here](https://github.com/ikr/tv4-formats) though)\n\n* `format` is a string, corresponding to the `"format"` value in schemas.\n* `validationFunction` is a function that either returns:\n  * `null` (meaning no error)\n  * an error string (explaining the reason for failure)\n\n````\ntv4.addFormat(\'decimal-digits\', function (data, schema) {\n\tif (typeof data === \'string\' && !/^[0-9]+$/.test(data)) {\n\t\treturn null;\n\t}\n\treturn "must be string of decimal digits";\n});\n````\n\nAlternatively, multiple formats can be added at the same time using an object:\n````\ntv4.addFormat({\n\t\'my-format\': function () {...},\n\t\'other-format\': function () {...}\n});\n````\n\n##### defineKeyword(keyword, validationFunction)\n\nAdd a custom keyword validator.\n\n* `keyword` is a string, corresponding to a schema keyword\n* `validationFunction` is a function that either returns:\n  * `null` (meaning no error)\n  * an error string (explaining the reason for failure)\n  * an error object (containing some of: `code`/`message`/`dataPath`/`schemaPath`)\n\n````\ntv4.defineKeyword(\'my-custom-keyword\', function (data, value, schema) {\n\tif (simpleFailure()) {\n\t\treturn "Failure";\n\t} else if (detailedFailure()) {\n\t\treturn {code: tv4.errorCodes.MY_CUSTOM_CODE, message: {param1: \'a\', param2: \'b\'}};\n\t} else {\n\t\treturn null;\n\t}\n});\n````\n\n`schema` is the schema upon which the keyword is defined.  In the above example, `value === schema[\'my-custom-keyword\']`.\n\nIf an object is returned from the custom validator, and its `message` is a string, then that is used as the message result.  If `message` is an object, then that is used to populate the (localisable) error template.\n\n##### defineError(codeName, codeNumber, defaultMessage)\n\nDefines a custom error code.\n\n* `codeName` is a string, all-caps underscore separated, e.g. `"MY_CUSTOM_ERROR"`\n* `codeNumber` is an integer > 10000, which will be stored in `tv4.errorCodes` (e.g. `tv4.errorCodes.MY_CUSTOM_ERROR`)\n* `defaultMessage` is an error message template to use (assuming translations have not been provided for this code)\n\nAn example of `defaultMessage` might be: `"Incorrect moon (expected {expected}, got {actual}"`).  This is filled out if a custom keyword returns a object `message` (see above).  Translations will be used, if associated with the correct code name/number.\n\n## Demos\n\n### Basic usage\n<div class="content inline-demo" markdown="1" data-demo="demo1">\n<pre class="code" id="demo1">\nvar schema = {\n\t"items": {\n\t\t"type": "boolean"\n\t}\n};\nvar data1 = [true, false];\nvar data2 = [true, 123];\n\nalert("data 1: " + tv4.validate(data1, schema)); // true\nalert("data 2: " + tv4.validate(data2, schema)); // false\nalert("data 2 error: " + JSON.stringify(tv4.error, null, 4));\n</pre>\n</div>\n\n### Use of <code>$ref</code>\n<div class="content inline-demo" markdown="1" data-demo="demo2">\n<pre class="code" id="demo2">\nvar schema = {\n\t"type": "array",\n\t"items": {"$ref": "#"}\n};\nvar data1 = [[], [[]]];\nvar data2 = [[], [true, []]];\n\nalert("data 1: " + tv4.validate(data1, schema)); // true\nalert("data 2: " + tv4.validate(data2, schema)); // false\n</pre>\n</div>\n\n### Missing schema\n<div class="content inline-demo" markdown="1" data-demo="demo3">\n<pre class="code" id="demo3">\nvar schema = {\n\t"type": "array",\n\t"items": {"$ref": "http://example.com/schema" }\n};\nvar data = [1, 2, 3];\n\nalert("Valid: " + tv4.validate(data, schema)); // true\nalert("Missing schemas: " + JSON.stringify(tv4.missing));\n</pre>\n</div>\n\n### Referencing remote schema\n<div class="content inline-demo" markdown="1" data-demo="demo4">\n<pre class="code" id="demo4">\ntv4.addSchema("http://example.com/schema", {\n\t"definitions": {\n\t\t"arrayItem": {"type": "boolean"}\n\t}\n});\nvar schema = {\n\t"type": "array",\n\t"items": {"$ref": "http://example.com/schema#/definitions/arrayItem" }\n};\nvar data1 = [true, false, true];\nvar data2 = [1, 2, 3];\n\nalert("data 1: " + tv4.validate(data1, schema)); // true\nalert("data 2: " + tv4.validate(data2, schema)); // false\n</pre>\n</div>\n\n## Supported platforms\n\n* Node.js\n* All modern browsers\n* IE >= 7\n\n## Installation\n\nYou can manually download [`tv4.js`](https://raw.github.com/geraintluff/tv4/master/tv4.js) or the minified [`tv4.min.js`](https://raw.github.com/geraintluff/tv4/master/tv4.min.js) and include it in your html to create the global `tv4` variable.\n\nAlternately use it as a CommonJS module:\n\n````js\nvar tv4 = require(\'tv4\');\n````\n\nor as an AMD module (e.g. with requirejs):\n\n```js\nrequire(\'tv4\', function(tv4){\n  //use tv4 here\n});\n```\n\n#### npm\n\n````\n$ npm install tv4\n````\n\n#### bower\n\n````\n$ bower install tv4\n````\n\n#### component.io\n\n````\n$ component install geraintluff/tv4\n````\n\n## Build and test\n\nYou can rebuild and run the node and browser tests using node.js and [grunt](http://http://gruntjs.com/):\n\nMake sure you have the global grunt cli command:\n````\n$ npm install grunt-cli -g\n````\n\nClone the git repos, open a shell in the root folder and install the development dependencies:\n\n````\n$ npm install\n````\n\nRebuild and run the tests:\n````\n$ grunt\n````\n\nIt will run a build and display one Spec-style report for the node.js and two Dot-style reports for both the plain and minified browser tests (via phantomJS). You can also use your own browser to manually run the suites by opening [`test/index.html`](http://geraintluff.github.io/tv4/test/index.html) and [`test/index-min.html`](http://geraintluff.github.io/tv4/test/index-min.html).\n\n## Contributing\n\nPull-requests for fixes and expansions are welcome. Edit the partial files in `/source` and add your tests in a suitable suite or folder under `/test/tests` and run `grunt` to rebuild and run the test suite. Try to maintain an idiomatic coding style and add tests for any new features. It is recommend to discuss big changes in an Issue.\n\nDo you speak another language? `tv4` needs internationalisation - please contribute language files to `/lang`!\n\n## Packages using tv4\n\n* [chai-json-schema](http://chaijs.com/plugins/chai-json-schema) is a [Chai Assertion Library](http://chaijs.com) plugin to assert values against json-schema.\n* [grunt-tv4](http://www.github.com/Bartvds/grunt-tv4) is a plugin for [Grunt](http://http://gruntjs.com/) that uses tv4 to bulk validate json files.\n\n## License\n\nThe code is available as "public domain", meaning that it is completely free to use, without any restrictions at all.  Read the full license [here](http://geraintluff.github.com/tv4/LICENSE.txt).\n\nIt\'s also available under an [MIT license](http://jsonary.com/LICENSE.txt).\n',
202 silly resolved     readmeFilename: 'README.md',
202 silly resolved     bugs: { url: 'https://github.com/geraintluff/tv4/issues' },
202 silly resolved     _id: 'tv4@1.1.9',
202 silly resolved     dist: { shasum: '03b8aa3556b649ca786e2c844d059cb29963f878' },
202 silly resolved     _from: 'tv4@',
202 silly resolved     _resolved: 'https://registry.npmjs.org/tv4/-/tv4-1.1.9.tgz' },
202 silly resolved   { name: 'raml2html',
202 silly resolved     description: 'RAML to HTML documentation generator',
202 silly resolved     version: '1.6.0',
202 silly resolved     author: { name: 'Kevin Renskers', email: 'info@mixedcase.nl' },
202 silly resolved     bugs: { url: 'https://github.com/kevinrenskers/raml2html/issues' },
202 silly resolved     dependencies:
202 silly resolved      { commander: '2.2.x',
202 silly resolved        handlebars: '1.3.x',
202 silly resolved        marked: '0.3.x',
202 silly resolved        minimize: '0.8.x',
202 silly resolved        raml2obj: '1.0.x' },
202 silly resolved     homepage: 'https://github.com/kevinrenskers/raml2html',
202 silly resolved     keywords: [ 'RAML' ],
202 silly resolved     license: 'MIT',
202 silly resolved     main: 'lib/raml2html.js',
202 silly resolved     repository:
202 silly resolved      { type: 'git',
202 silly resolved        url: 'git://github.com/kevinrenskers/raml2html.git' },
202 silly resolved     preferGlobal: 'true',
202 silly resolved     bin: { raml2html: 'lib/raml2html.js' },
202 silly resolved     readme: '# RAML to HTML\n\n[![NPM version](http://img.shields.io/npm/v/raml2html.svg)](https://www.npmjs.org/package/raml2html)\n\nA simple RAML to HTML documentation generator, written for Node.js.\nCheck [raml2md](https://github.com/kevinrenskers/raml2md) for a RAML to Markdown generator.\n\n\n## Install\n```\nnpm i -g raml2html\n```\n\n\n## Usage\n\n### As a command line script\n\n```\nraml2html --help\nraml2html example.raml > example.html\nraml2html -i example.raml -o example.html\nraml2html -s -i example.raml -o example.html\nraml2html -t custom-template.handlebars -r custom-resource.handlebars -m custom-item.handlebars -i example.raml -o example.html\n```\n\n> **HTTPS** If the generated file will be hosted on a https domain, you will need to run raml2html with the `-s` option so the external dependancies will also use https links.\n\n\n### As a library\n\n```\nvar raml2html = require(\'raml2html\');\n\n// Using the default templates:\n// source can either be a filename, url, file contents (string) or parsed RAML object\nvar config = raml2html.getDefaultConfig(https); // https is a boolean, true means https links will be used instead of http\nraml2html.render(source, config, onSuccess, onError);\n\n// Using your own templates:\n// - config should be an object with at least an `template` property (a string containing the main template)\n// - config can also include `helpers` and `partials`\n// - config can also include a boolean `https` (default is false)\n// - config can also include a function `processOutput` which will receive the raw rendered HTML, onSuccess and onError callbacks\n// - the config object will be accessible from your handlebars templates\nraml2html.render(source, config, onSuccess, onError);\n```\n\nSee also `example/script.js` for an example of using raml2html as a library.\n\n### Gulp\nYou can use the [latest raml2html directly from Gulp](https://gist.github.com/iki/784ddd5ab33c1e1b726b), or use the third party [gulp-raml2html plugin](https://www.npmjs.org/package/gulp-raml2html) (which uses an outdated version of raml2html).\n\n### Grunt\nThere\'s a third party Grunt plugin at https://www.npmjs.org/package/grunt-raml2html.\n\n\n## Example output\n![Example output](https://raw.github.com/kevinrenskers/raml2html/master/examples/example.png)\n\n\n## Before you report a bug\nIf you get parsing errors, please do not report them to raml2html: it doesn\'t do the actual RAML parsing.\nReview the error and fix your RAML file, or open a new issue at [raml-js-parser](https://github.com/raml-org/raml-js-parser).\n\n\n## Contributing\nraml2html is an open source project and your contribution is very much appreciated.\n\n1. Check for open issues or open a fresh issue to start a discussion around a feature idea or a bug.\n2. Fork the repository on Github and make your changes on the **develop** branch (or branch off of it).\n   Please retain the code style that is used in the project.\n3. Add an example of the new feature to example.raml (if applicable)\n4. Send a pull request (with the **develop** branch as the target).\n\nA big thank you goes out to everyone who helped with the project, the [contributors](https://github.com/kevinrenskers/raml2html/graphs/contributors)\nand everyone who took the time to report issues and give feedback.\n\n\n## Changelog\nSee [changelog.md](https://github.com/kevinrenskers/raml2html/blob/master/changelog.md)\n\n\n## To do\nThis project is still a work in progress, but the output is very usable already (and is in fact used by multiple\ncompanies including Google). Still left to do, in no particular order:\n\n* Template options (for example to turn off side bar navigation)\n* Finish HTML output, currently there\'s still some stuff missing (like securedBy)\n\n\n## License\nraml2html is available under the MIT license. See the LICENSE file for more info.\n',
202 silly resolved     readmeFilename: 'README.md',
202 silly resolved     _id: 'raml2html@1.6.0',
202 silly resolved     dist: { shasum: 'a3068e959aedf109e37591332086ca6448a97bfe' },
202 silly resolved     _from: 'raml2html@',
202 silly resolved     _resolved: 'https://registry.npmjs.org/raml2html/-/raml2html-1.6.0.tgz' } ]
203 info install tv4@1.1.9 into /usr/lib
204 info install raml2html@1.6.0 into /usr/lib
205 info installOne tv4@1.1.9
206 info installOne raml2html@1.6.0
207 info /usr/lib/node_modules/tv4 unbuild
208 info /usr/lib/node_modules/raml2html unbuild
209 info preuninstall raml2html@1.0.4
210 info preuninstall tv4@1.1.0
211 info uninstall raml2html@1.0.4
212 info uninstall tv4@1.1.0
213 verbose true,/usr/lib/node_modules,/usr/lib/node_modules unbuild raml2html@1.0.4
214 verbose /usr/bin,[object Object] binRoot
215 verbose true,/usr/lib/node_modules,/usr/lib/node_modules unbuild tv4@1.1.0
216 info postuninstall tv4@1.1.0
217 info /usr/lib/node_modules/raml2html unbuild
218 info /usr/lib/node_modules/tv4 unbuild
219 info preuninstall raml2html@1.0.4
220 info uninstall raml2html@1.0.4
221 info preuninstall tv4@1.1.0
222 verbose true,/usr/lib/node_modules,/usr/lib/node_modules unbuild raml2html@1.0.4
223 verbose /usr/bin,[object Object] binRoot
224 info uninstall tv4@1.1.0
225 error error rolling back Error: Refusing to delete: /usr/bin/raml2html not in /usr/lib/node_modules/raml2html
225 error error rolling back     at clobberFail (/usr/lib/node_modules/npm/lib/utils/gently-rm.js:41:12)
225 error error rolling back     at next (/usr/lib/node_modules/npm/lib/utils/gently-rm.js:27:14)
225 error error rolling back     at /usr/lib/node_modules/npm/lib/utils/gently-rm.js:36:12
225 error error rolling back     at Object.oncomplete (fs.js:107:15)
225 error error rolling back  raml2html@1.6.0 { [Error: Refusing to delete: /usr/bin/raml2html not in /usr/lib/node_modules/raml2html] code: 'EEXIST', path: '/usr/bin/raml2html' }
226 error Refusing to delete: /usr/bin/raml2html not in /usr/lib/node_modules/raml2html
File exists: /usr/bin/raml2html
Move it away, and try again.
227 error System Linux 3.14.27-100.fc19.x86_64
228 error command "node" "/usr/bin/npm" "i" "-g" "raml2html" "tv4"
229 error cwd /home/abraae/lhome/tas/git/tas-tenant-apis
230 error node -v v0.10.33
231 error npm -v 1.3.6
232 error path /usr/bin/raml2html
233 error code EEXIST
234 verbose exit [ 1, true ]
